{"C:\\Users\\Вся семья\\OneDrive\\Рабочий стол\\Unit--\\src\\js\\basic.js": {"path":"C:\\Users\\Вся семья\\OneDrive\\Рабочий стол\\Unit--\\src\\js\\basic.js","statementMap":{"0":{"start":{"line":2,"column":4},"end":{"line":8,"column":7}},"1":{"start":{"line":3,"column":8},"end":{"line":3,"column":25}},"2":{"start":{"line":4,"column":13},"end":{"line":8,"column":7}},"3":{"start":{"line":5,"column":8},"end":{"line":5,"column":25}},"4":{"start":{"line":7,"column":8},"end":{"line":7,"column":26}}},"fnMap":{"0":{"name":"defineHealthStatus","decl":{"start":{"line":1,"column":24},"end":{"line":1,"column":42}},"loc":{"start":{"line":1,"column":51},"end":{"line":9,"column":3}},"line":1}},"branchMap":{"0":{"loc":{"start":{"line":2,"column":4},"end":{"line":8,"column":7}},"type":"if","locations":[{"start":{"line":2,"column":4},"end":{"line":8,"column":7}},{"start":{"line":4,"column":13},"end":{"line":8,"column":7}}],"line":2},"1":{"loc":{"start":{"line":4,"column":13},"end":{"line":8,"column":7}},"type":"if","locations":[{"start":{"line":4,"column":13},"end":{"line":8,"column":7}},{"start":{"line":6,"column":13},"end":{"line":8,"column":7}}],"line":4}},"s":{"0":3,"1":1,"2":2,"3":1,"4":1},"f":{"0":3},"b":{"0":[1,2],"1":[1,1]},"_coverageSchema":"1a1c01bbd47fc00a2c39e90264f33305004495a9","hash":"a7000631faeab03670aeb027fbe4a787a2f730b4"}
}
